[2025-06-12 08:20:32] KONEKSI SUCCESS
  Server: 192.168.226.138:12345
  Waktu Koneksi: 0.0003s
  Waktu Auth: 0.0009s
--------------------------------------------------
[2025-06-12 08:22:00] DISCONNECTED
--------------------------------------------------
[2025-06-12 08:53:36] KONEKSI SUCCESS
  Server: 192.168.226.138:12345
  Waktu Koneksi: 0.0003s
  Waktu Auth: 0.0024s
--------------------------------------------------
[2025-06-12 08:54:13] DISCONNECTED
--------------------------------------------------
[2025-06-12 11:20:51] KONEKSI SUCCESS
  Server: 10.252.132.123:12345
  Waktu Koneksi: 0.0004s
  Waktu Auth: 0.0012s
--------------------------------------------------
[2025-06-12 11:21:21] DISCONNECTED
--------------------------------------------------
[2025-06-12 11:47:47] KONEKSI SUCCESS
  Server: 10.252.132.123:12345
  Waktu Koneksi: 0.0003s
  Waktu Auth: 0.0009s
--------------------------------------------------
[2025-06-12 11:48:40] DISCONNECTED
--------------------------------------------------
[2025-06-12 13:39:36] KONEKSI SUCCESS
  Server: 10.252.132.123:12345
  Waktu Koneksi: 0.0008s
  Waktu Auth: 0.003s
--------------------------------------------------
[2025-06-12 13:41:32] DISCONNECTED
--------------------------------------------------
