[2025-06-12 08:21:04] TRANSFER FILE: istockphoto-513139549-170667a.jpg
  Ukuran Asli: 37.66 KB
  Ukuran Terenkripsi: 28.63 KB
  Waktu Persiapan: 0.0002s
  Waktu Kirim: 0.0001s
  Waktu Terima: 5.9507s
  Waktu Dekripsi: 0.0003s
  Waktu Simpan: 0.0009s
  Total Komunikasi: 5.9508s
  Kecepatan Upload: 335341.5 KB/s
  Kecepatan Download: 4.8 KB/s
  Efisiensi Kompresi: 76.0%
----------------------------------------------------------------------
[2025-06-12 08:21:48] TRANSFER FILE: 360_F_522075884_CXtMqNdJJa3jDZUMMnmohVFbWP3qqIDW.jpg
  Ukuran Asli: 38.29 KB
  Ukuran Terenkripsi: 42.55 KB
  Waktu Persiapan: 0.0007s
  Waktu Kirim: 0.0003s
  Waktu Terima: 0.2893s
  Waktu Dekripsi: 0.0003s
  Waktu Simpan: 0.0009s
  Total Komunikasi: 0.2897s
  Kecepatan Upload: 120918.4 KB/s
  Kecepatan Download: 147.1 KB/s
  Efisiensi Kompresi: 111.1%
----------------------------------------------------------------------
[2025-06-12 08:54:02] TRANSFER FILE: istockphoto-513139549-170667a.jpg
  Ukuran Asli: 37.66 KB
  Ukuran Terenkripsi: 28.63 KB
  Waktu Persiapan: 0.0004s
  Waktu Kirim: 0.0004s
  Waktu Terima: 7.3355s
  Waktu Dekripsi: 0.0004s
  Waktu Simpan: 0.0008s
  Total Komunikasi: 7.336s
  Kecepatan Upload: 86831.1 KB/s
  Kecepatan Download: 3.9 KB/s
  Efisiensi Kompresi: 76.0%
----------------------------------------------------------------------
[2025-06-12 11:21:13] TRANSFER FILE: istockphoto-513139549-170667a.jpg
  Ukuran Asli: 37.66 KB
  Ukuran Terenkripsi: 28.63 KB
  Waktu Persiapan: 0.0003s
  Waktu Kirim: 0.0006s
  Waktu Terima: 7.8932s
  Waktu Dekripsi: 0.0004s
  Waktu Simpan: 0.0013s
  Total Komunikasi: 7.8938s
  Kecepatan Upload: 60912.4 KB/s
  Kecepatan Download: 3.6 KB/s
  Efisiensi Kompresi: 76.0%
----------------------------------------------------------------------
[2025-06-12 11:48:21] TRANSFER FILE: istockphoto-513139549-170667a.jpg
  Ukuran Asli: 37.66 KB
  Ukuran Terenkripsi: 28.63 KB
  Ukuran Hasil: 28.63 KB
  Waktu Persiapan: 0.0003s
  Waktu Kirim: 0.0002s
  Waktu Terima: 10.7023s
  Waktu Dekripsi: 0.0003s
  Waktu Simpan: 0.0012s
  Total Komunikasi: 10.7025s
  Total Proses Client: 0.0018s
  Kecepatan Upload: 181130.6 KB/s
  Kecepatan Download: 2.7 KB/s
  Efisiensi Kompresi: 76.0%
----------------------------------------------------------------------
[2025-06-12 13:40:06] TRANSFER FILE: istockphoto-513139549-170667a.jpg
  Ukuran Asli: 37.66 KB
  Ukuran Terenkripsi: 28.63 KB
  Ukuran Hasil: 28.63 KB
  Waktu Persiapan: 0.0003s
  Waktu Kirim: 0.0001s
  Waktu Terima: 14.798s
  Waktu Dekripsi: 0.0004s
  Waktu Simpan: 0.0016s
  Total Komunikasi: 14.7981s
  Total Proses Client: 0.0023s
  Kecepatan Upload: 283057.1 KB/s
  Kecepatan Download: 1.9 KB/s
  Efisiensi Kompresi: 76.0%
----------------------------------------------------------------------
[2025-06-12 13:41:11] TRANSFER FILE: istockphoto-513139549-170667a.jpg
  Ukuran Asli: 28.63 KB
  Ukuran Terenkripsi: 28.54 KB
  Ukuran Hasil: 28.53 KB
  Waktu Persiapan: 0.0002s
  Waktu Kirim: 0.0003s
  Waktu Terima: 0.3342s
  Waktu Dekripsi: 0.0002s
  Waktu Simpan: 0.0007s
  Total Komunikasi: 0.3345s
  Total Proses Client: 0.0012s
  Kecepatan Upload: 113380.7 KB/s
  Kecepatan Download: 85.4 KB/s
  Efisiensi Kompresi: 99.7%
----------------------------------------------------------------------
